<?xml version="1.0" encoding="UTF-8"?>
<!-- Generated by org.testng.reporters.JUnitReportReporter -->
<testsuite skipped="0" hostname="Chichul" name="testNGPack.ParametersInTestng" tests="1" failures="0" timestamp="23 Sep 2018 06:46:48 GMT" time="0.000" errors="0">
  <testcase name="testNGLogin" time="0.000" classname="testNGPack.ParametersInTestng"/>
</testsuite> <!-- testNGPack.ParametersInTestng -->
