<?xml version="1.0" encoding="UTF-8"?>
<!-- Generated by org.testng.reporters.JUnitReportReporter -->
<testsuite skipped="0" hostname="DESKTOP-7EJ4QKC" name="testNGPack.AnnotationInTestNG" tests="2" failures="0" timestamp="2020-10-04T09:50:04 IST" time="0.008" errors="0">
  <testcase name="Test1" time="0.000" classname="testNGPack.AnnotationInTestNG"/>
  <system-out/>
  <testcase name="Test2" time="0.008" classname="testNGPack.AnnotationInTestNG"/>
  <system-out/>
</testsuite> <!-- testNGPack.AnnotationInTestNG -->
