<?xml version="1.0" encoding="UTF-8"?>
<!-- Generated by org.testng.reporters.JUnitReportReporter -->
<testsuite hostname="LAPTOP-9TPAEKJH" failures="0" tests="1" name="com.cucumber.FacebookRunner" time="70.054" errors="0" timestamp="2022-04-12T08:05:52 IST" skipped="0">
  <testcase classname="com.cucumber.FacebookRunner" name="runScenario" time="70.054"/>
  <system-out/>
</testsuite> <!-- com.cucumber.FacebookRunner -->
