<?xml version="1.0" encoding="UTF-8"?>
<!-- Generated by org.testng.reporters.JUnitReportReporter -->
<testsuite skipped="0" hostname="Chichul" name="com.cucumber.Excel_Currency_converter" tests="1" failures="0" timestamp="30 Mar 2018 07:17:35 GMT" time="70.238" errors="0">
  <testcase name="curr_In_INR" time="70.238" classname="com.cucumber.Excel_Currency_converter"/>
</testsuite> <!-- com.cucumber.Excel_Currency_converter -->
