<?xml version="1.0" encoding="UTF-8"?>
<!-- Generated by org.testng.reporters.JUnitReportReporter -->
<testsuite skipped="0" hostname="Chichul" name="excelExportAndFileIO.WriteIntoExcelFile" tests="1" failures="0" timestamp="21 Sep 2018 02:20:33 GMT" time="2.450" errors="0">
  <testcase name="writeExcel" time="2.450" classname="excelExportAndFileIO.WriteIntoExcelFile"/>
</testsuite> <!-- excelExportAndFileIO.WriteIntoExcelFile -->
