<?xml version="1.0" encoding="UTF-8"?>
<!-- Generated by org.testng.reporters.JUnitReportReporter -->
<testsuite skipped="0" hostname="Chichul" name="com.cucumber.Xcel_Currency_converter" tests="1" failures="0" timestamp="26 Mar 2018 02:58:24 GMT" time="48.459" errors="0">
  <testcase name="curr_In_INR" time="48.459" classname="com.cucumber.Xcel_Currency_converter"/>
</testsuite> <!-- com.cucumber.Xcel_Currency_converter -->
