<?xml version="1.0" encoding="UTF-8"?>
<!-- Generated by org.testng.reporters.JUnitReportReporter -->
<testsuite skipped="0" hostname="DESKTOP-7EJ4QKC" name="com.cucumber.FacebookRunner" tests="3" failures="0" timestamp="2020-10-11T18:46:01 IST" time="30.689" errors="0">
  <testcase name="runScenario" time="9.540" classname="com.cucumber.FacebookRunner"/>
  <system-out/>
  <testcase name="runScenario" time="14.898" classname="com.cucumber.FacebookRunner"/>
  <system-out/>
  <testcase name="runScenario" time="6.251" classname="com.cucumber.FacebookRunner"/>
  <system-out/>
</testsuite> <!-- com.cucumber.FacebookRunner -->
