<?xml version="1.0" encoding="UTF-8"?>
<!-- Generated by org.testng.reporters.JUnitReportReporter -->
<testsuite skipped="0" hostname="DESKTOP-7EJ4QKC" name="steps.WebdriverManagerCheck" tests="1" failures="0" timestamp="2020-09-13T19:56:31 IST" time="12.162" errors="0">
  <testcase name="webDriveManage" time="12.162" classname="steps.WebdriverManagerCheck"/>
  <system-out/>
</testsuite> <!-- steps.WebdriverManagerCheck -->
