<?xml version="1.0" encoding="UTF-8"?>
<!-- Generated by org.testng.reporters.JUnitReportReporter -->
<testsuite hostname="LAPTOP-9TPAEKJH" failures="0" tests="2" name="testNGPack.AnnotationInTestNG" time="0.006" errors="0" timestamp="2022-04-12T08:20:47 IST" skipped="0">
  <testcase classname="testNGPack.AnnotationInTestNG" name="Test2" time="0.001"/>
  <system-out/>
  <testcase classname="testNGPack.AnnotationInTestNG" name="Test1" time="0.005"/>
  <system-out/>
</testsuite> <!-- testNGPack.AnnotationInTestNG -->
