<?xml version="1.0" encoding="UTF-8"?>
<!-- Generated by org.testng.reporters.JUnitReportReporter -->
<testsuite hostname="LAPTOP-9TPAEKJH" failures="0" tests="1" name="com.cucumber.StartDriver" time="0.005" errors="0" timestamp="2022-04-07T23:08:58 IST" skipped="0">
  <testcase classname="com.cucumber.StartDriver" name="test1" time="0.005"/>
  <system-out/>
</testsuite> <!-- com.cucumber.StartDriver -->
