<?xml version="1.0" encoding="UTF-8"?>
<!-- Generated by org.testng.reporters.JUnitReportReporter -->
<testsuite skipped="0" hostname="DESKTOP-7EJ4QKC" name="testNGPack.DependsOnMethodInTestNg" tests="3" failures="0" timestamp="2021-01-07T15:07:54 IST" time="0.000" errors="0">
  <testcase name="Test" time="0.000" classname="testNGPack.DependsOnMethodInTestNg"/>
  <system-out/>
  <testcase name="LogOut" time="0.000" classname="testNGPack.DependsOnMethodInTestNg"/>
  <system-out/>
  <testcase name="LogIn" time="0.000" classname="testNGPack.DependsOnMethodInTestNg"/>
  <system-out/>
</testsuite> <!-- testNGPack.DependsOnMethodInTestNg -->
