<?xml version="1.0" encoding="UTF-8"?>
<!-- Generated by org.testng.reporters.JUnitReportReporter -->
<testsuite skipped="0" hostname="DESKTOP-7EJ4QKC" name="testNGPack.DataPorviderIntestNg" tests="6" failures="0" timestamp="2020-10-04T10:04:15 IST" time="0.032" errors="0">
  <testcase name="test1" time="0.008" classname="testNGPack.DataPorviderIntestNg"/>
  <system-out/>
  <testcase name="test1" time="0.000" classname="testNGPack.DataPorviderIntestNg"/>
  <system-out/>
  <testcase name="test" time="0.000" classname="testNGPack.DataPorviderIntestNg"/>
  <system-out/>
  <testcase name="test" time="0.008" classname="testNGPack.DataPorviderIntestNg"/>
  <system-out/>
  <testcase name="test1" time="0.000" classname="testNGPack.DataPorviderIntestNg"/>
  <system-out/>
  <testcase name="test" time="0.016" classname="testNGPack.DataPorviderIntestNg"/>
  <system-out/>
</testsuite> <!-- testNGPack.DataPorviderIntestNg -->
