<?xml version="1.0" encoding="UTF-8"?>
<!-- Generated by org.testng.reporters.JUnitReportReporter -->
<testsuite skipped="0" hostname="DESKTOP-7EJ4QKC" name="com.cucumber.FacebookRunner" tests="1" failures="0" timestamp="2020-10-18T18:52:38 IST" time="8.078" errors="0">
  <testcase name="runScenario" time="8.078" classname="com.cucumber.FacebookRunner"/>
  <system-out/>
</testsuite> <!-- com.cucumber.FacebookRunner -->
