<?xml version="1.0" encoding="UTF-8"?>
<!-- Generated by org.testng.reporters.JUnitReportReporter -->
<testsuite skipped="0" hostname="Chichul" name="testNGPack.GourpInTestNG" tests="2" failures="0" timestamp="23 Sep 2018 06:46:48 GMT" time="0.016" errors="0">
  <testcase name="Test1" time="0.016" classname="testNGPack.GourpInTestNG"/>
  <testcase name="Test2" time="0.000" classname="testNGPack.GourpInTestNG"/>
</testsuite> <!-- testNGPack.GourpInTestNG -->
