<?xml version="1.0" encoding="UTF-8"?>
<!-- Generated by org.testng.reporters.JUnitReportReporter -->
<testsuite skipped="1" hostname="DESKTOP-7EJ4QKC" name="testNGPack.ParametersInTestng" tests="1" failures="0" timestamp="2020-10-04T09:57:45 IST" time="0.000" errors="0">
  <testcase name="testNGLogin" time="0.000" classname="testNGPack.ParametersInTestng">
    <skipped/>
  </testcase> <!-- testNGLogin -->
  <system-out/>
</testsuite> <!-- testNGPack.ParametersInTestng -->
