<?xml version="1.0" encoding="UTF-8"?>
<!-- Generated by org.testng.reporters.JUnitReportReporter -->
<testsuite skipped="0" hostname="Chichul" name="com.cucumber.Goole_page_links" tests="1" failures="0" timestamp="05 Apr 2018 03:18:21 GMT" time="19.961" errors="0">
  <testcase name="get_all_link_From_Webpage" time="19.961" classname="com.cucumber.Goole_page_links"/>
</testsuite> <!-- com.cucumber.Goole_page_links -->
