<?xml version="1.0" encoding="UTF-8"?>
<!-- Generated by org.testng.reporters.JUnitReportReporter -->
<testsuite skipped="0" hostname="Chichul" name="com.Goole_page_links" tests="1" failures="0" timestamp="21 Sep 2018 01:41:02 GMT" time="21.154" errors="0">
  <testcase name="get_all_link_From_Webpage" time="21.154" classname="com.Goole_page_links"/>
</testsuite> <!-- com.Goole_page_links -->
