<?xml version="1.0" encoding="UTF-8"?>
<!-- Generated by org.testng.reporters.JUnitReportReporter -->
<testsuite skipped="0" hostname="Chichul" name="testNG.TakeScreenshot" tests="1" failures="0" timestamp="17 Aug 2018 03:42:44 GMT" time="16.258" errors="0">
  <testcase name="takeScreenshot" time="16.258" classname="testNG.TakeScreenshot"/>
</testsuite> <!-- testNG.TakeScreenshot -->
