<?xml version="1.0" encoding="UTF-8"?>
<!-- Generated by org.testng.reporters.JUnitReportReporter -->
<testsuite skipped="2" hostname="DESKTOP-7EJ4QKC" name="com.cucumber.FacebookRunner" tests="7" failures="0" timestamp="2020-09-13T19:25:46 IST" time="74.298" errors="0">
  <testcase name="runScenario" time="12.852" classname="com.cucumber.FacebookRunner"/>
  <system-out/>
  <testcase name="runScenario" time="6.373" classname="com.cucumber.FacebookRunner">
    <skipped/>
  </testcase> <!-- runScenario -->
  <system-out/>
  <testcase name="runScenario" time="12.033" classname="com.cucumber.FacebookRunner"/>
  <system-out/>
  <testcase name="runScenario" time="9.306" classname="com.cucumber.FacebookRunner"/>
  <system-out/>
  <testcase name="runScenario" time="12.439" classname="com.cucumber.FacebookRunner"/>
  <system-out/>
  <testcase name="runScenario" time="11.990" classname="com.cucumber.FacebookRunner"/>
  <system-out/>
  <testcase name="runScenario" time="9.305" classname="com.cucumber.FacebookRunner">
    <skipped/>
  </testcase> <!-- runScenario -->
  <system-out/>
</testsuite> <!-- com.cucumber.FacebookRunner -->
