<?xml version="1.0" encoding="UTF-8"?>
<!-- Generated by org.testng.reporters.JUnitReportReporter -->
<testsuite skipped="0" hostname="Chichul" name="testNGPack.DataPorviderIntestNg" tests="3" failures="0" timestamp="23 Sep 2018 07:03:13 GMT" time="0.094" errors="0">
  <testcase name="test" time="0.031" classname="testNGPack.DataPorviderIntestNg"/>
  <testcase name="test" time="0.047" classname="testNGPack.DataPorviderIntestNg"/>
  <testcase name="test" time="0.016" classname="testNGPack.DataPorviderIntestNg"/>
</testsuite> <!-- testNGPack.DataPorviderIntestNg -->
