<?xml version="1.0" encoding="UTF-8"?>
<!-- Generated by org.testng.reporters.JUnitReportReporter -->
<testsuite hostname="LAPTOP-9TPAEKJH" failures="0" tests="3" name="testNGPack.DataPorviderIntestNg" time="0.005" errors="0" timestamp="2022-04-12T09:39:40 IST" skipped="0">
  <testcase classname="testNGPack.DataPorviderIntestNg" name="test" time="0.004"/>
  <system-out/>
  <testcase classname="testNGPack.DataPorviderIntestNg" name="test" time="0.000"/>
  <system-out/>
  <testcase classname="testNGPack.DataPorviderIntestNg" name="test" time="0.001"/>
  <system-out/>
</testsuite> <!-- testNGPack.DataPorviderIntestNg -->
